Start testing: May 02 17:46 MSK
----------------------------------------------------------
1/2 Testing: IndexerTests
1/2 Test: IndexerTests
Command: "/home/sashurman/search_engine/build/tests/test_indexer"
Directory: /home/sashurman/search_engine/build/tests
"IndexerTests" start time: May 02 17:46 MSK
Output:
----------------------------------------------------------
=== Indexer Tests ===

[TEST] Basic indexing... Indexing directory: /tmp/search_test
  Indexing file: "/tmp/search_test/doc2.txt"
  Indexing file: "/tmp/search_test/doc1.txt"
PASSED
[TEST] Empty directory... Indexing directory: /tmp/search_empty
PASSED
[TEST] Nonexistent directory... Indexing directory: /nonexistent/path
Error: invalid directory path: /nonexistent/path
PASSED
[TEST] Term frequency and positions... Indexing directory: /tmp/search_tf
  Indexing file: "/tmp/search_tf/doc.txt"
PASSED
[TEST] Excluded paths... Indexing directory: /tmp/search_excl
  Skipping excluded directory: "/tmp/search_excl/secret"
  Indexing file: "/tmp/search_excl/doc.txt"
PASSED

=== ALL TESTS PASSED ===
<end of output>
Test time =   0.01 sec
----------------------------------------------------------
Test Passed.
"IndexerTests" end time: May 02 17:46 MSK
"IndexerTests" time elapsed: 00:00:00
----------------------------------------------------------

2/2 Testing: SearchTests
2/2 Test: SearchTests
Command: "/home/sashurman/search_engine/build/tests/test_search"
Directory: /home/sashurman/search_engine/build/tests
"SearchTests" start time: May 02 17:46 MSK
Output:
----------------------------------------------------------
=== Search Tests ===

[TEST] QueryParser... PASSED
[TEST] SearchEngine + TF-IDF... Indexing directory: /tmp/search_ranking_test
  Indexing file: "/tmp/search_ranking_test/doc2.txt"
  Indexing file: "/tmp/search_ranking_test/doc1.txt"
  Indexing file: "/tmp/search_ranking_test/doc0.txt"
PASSED
[TEST] SearchEngine + BM25... Indexing directory: /tmp/search_ranking_test
  Indexing file: "/tmp/search_ranking_test/doc2.txt"
  Indexing file: "/tmp/search_ranking_test/doc1.txt"
  Indexing file: "/tmp/search_ranking_test/doc0.txt"
PASSED
[TEST] Empty search... Indexing directory: /tmp/search_ranking_test
  Indexing file: "/tmp/search_ranking_test/doc2.txt"
  Indexing file: "/tmp/search_ranking_test/doc1.txt"
  Indexing file: "/tmp/search_ranking_test/doc0.txt"
PASSED
[TEST] Strategy switch... Indexing directory: /tmp/search_ranking_test
  Indexing file: "/tmp/search_ranking_test/doc2.txt"
  Indexing file: "/tmp/search_ranking_test/doc1.txt"
  Indexing file: "/tmp/search_ranking_test/doc0.txt"
PASSED

=== ALL SEARCH TESTS PASSED ===
<end of output>
Test time =   0.01 sec
----------------------------------------------------------
Test Passed.
"SearchTests" end time: May 02 17:46 MSK
"SearchTests" time elapsed: 00:00:00
----------------------------------------------------------

End testing: May 02 17:46 MSK
